2023-06-20 13:57:02,328 INFO Info {main} <<<<<Executing Test case 12>>>>>
2023-06-20 13:57:07,595 INFO Info {main} <<<<<Executing Testcase 1>>>>>
2023-06-20 13:57:09,913 INFO Info {main} <<<<<Testcase 1 executed>>>>>
2023-06-20 13:57:10,066 INFO Info {main} <<<<<Executing Testcase 2>>>>>
2023-06-20 13:57:11,283 INFO Info {main} <<<<<Testcase 2 executed>>>>>
2023-06-20 13:57:11,287 INFO Info {main} <<<<<Executing Testcase 3
2023-06-20 13:57:12,410 INFO Info {main} <<<<<Testcase 3 executed>>>>>
2023-06-20 13:57:12,414 INFO Info {main} <<<<<Executing Testcase 4>>>>>
2023-06-20 13:57:13,171 INFO Info {main} <<<<<Test case 4 executed>>>>>
2023-06-20 13:57:13,376 INFO Info {main} <<<<<Executing Testcase 5>>>>>
2023-06-20 13:57:14,163 INFO Info {main} <<<<<Testcase 5 executed>>>>>
2023-06-20 13:57:14,447 INFO Info {main} <<<<<Executing Test case 6>>>>>
2023-06-20 13:57:15,170 INFO Info {main} <<<<<Testcase 6 executed>>>>>
2023-06-20 13:57:15,174 INFO Info {main} <<<<<Executing Test case 7>>>>>
2023-06-20 13:57:17,602 INFO Info {main} <<<<<Testcase 7 executed>>>>>
2023-06-20 13:57:17,615 INFO Info {main} <<<<<Executing Test case 8>>>>>
2023-06-20 13:57:19,317 INFO Info {main} <<<<<Testcase 8 executed>>>>>
2023-06-20 13:57:19,319 INFO Info {main} <<<<<Executing Test case 9>>>>>
2023-06-20 13:57:20,069 INFO Info {main} <<<<<Testcase 9 executed>>>>>
2023-06-20 13:57:20,075 INFO Info {main} <<<<<Executing Test case 10>>>>>
2023-06-20 13:57:20,977 INFO Info {main} <<<<<Testcase 10 executed>>>>>
2023-06-20 13:57:20,982 INFO Info {main} <<<<<Executing Test case 11>>>>>
2023-06-20 13:57:22,146 INFO Info {main} <<<<<Testcase 11 executed>>>>>
2023-06-20 13:57:22,149 INFO Info {main} <<<<<Executing Test case 12>>>>>
2023-06-20 13:57:23,620 INFO Info {main} <<<<<Testcase 12 executed>>>>>
2023-06-20 14:03:06,814 INFO Info {main} <<<<<Executing Test case 12>>>>>
2023-06-20 14:03:12,022 INFO Info {main} <<<<<Executing Testcase 1>>>>>
2023-06-20 14:03:15,008 INFO Info {main} <<<<<Testcase 1 executed>>>>>
2023-06-20 14:03:15,040 INFO Info {main} <<<<<Executing Testcase 2>>>>>
2023-06-20 14:03:15,982 INFO Info {main} <<<<<Testcase 2 executed>>>>>
2023-06-20 14:03:15,985 INFO Info {main} <<<<<Executing Testcase 3
2023-06-20 14:03:16,944 INFO Info {main} <<<<<Testcase 3 executed>>>>>
2023-06-20 14:03:16,948 INFO Info {main} <<<<<Executing Testcase 4>>>>>
2023-06-20 14:03:17,690 INFO Info {main} <<<<<Test case 4 executed>>>>>
2023-06-20 14:03:17,768 INFO Info {main} <<<<<Executing Testcase 5>>>>>
2023-06-20 14:03:18,528 INFO Info {main} <<<<<Testcase 5 executed>>>>>
2023-06-20 14:03:18,615 INFO Info {main} <<<<<Executing Test case 6>>>>>
2023-06-20 14:03:19,417 INFO Info {main} <<<<<Testcase 6 executed>>>>>
2023-06-20 14:03:19,426 INFO Info {main} <<<<<Executing Test case 7>>>>>
2023-06-20 14:03:23,804 INFO Info {main} <<<<<Testcase 7 executed>>>>>
2023-06-20 14:03:23,809 INFO Info {main} <<<<<Executing Test case 8>>>>>
2023-06-20 14:03:24,603 INFO Info {main} <<<<<Testcase 8 executed>>>>>
2023-06-20 14:03:24,608 INFO Info {main} <<<<<Executing Test case 9>>>>>
2023-06-20 14:03:25,623 INFO Info {main} <<<<<Testcase 9 executed>>>>>
2023-06-20 14:03:25,626 INFO Info {main} <<<<<Executing Test case 10>>>>>
2023-06-20 14:03:26,517 INFO Info {main} <<<<<Testcase 10 executed>>>>>
2023-06-20 14:03:26,522 INFO Info {main} <<<<<Executing Test case 11>>>>>
2023-06-20 14:03:27,361 INFO Info {main} <<<<<Testcase 11 executed>>>>>
2023-06-20 14:03:27,365 INFO Info {main} <<<<<Executing Test case 12>>>>>
2023-06-20 14:03:28,682 INFO Info {main} <<<<<Testcase 12 executed>>>>>
2023-06-20 14:06:36,635 INFO Info {main} <<<<<Executing Testcase 1>>>>>
2023-06-20 14:06:38,606 INFO Info {main} <<<<<Testcase 1 executed>>>>>
2023-06-20 14:06:38,657 INFO Info {main} <<<<<Executing Testcase 2>>>>>
2023-06-20 14:06:39,530 INFO Info {main} <<<<<Testcase 2 executed>>>>>
2023-06-20 14:06:39,533 INFO Info {main} <<<<<Executing Testcase 3
2023-06-20 14:06:40,341 INFO Info {main} <<<<<Testcase 3 executed>>>>>
2023-06-20 14:06:40,351 INFO Info {main} <<<<<Executing Testcase 4>>>>>
2023-06-20 14:06:40,991 INFO Info {main} <<<<<Test case 4 executed>>>>>
2023-06-20 14:06:41,093 INFO Info {main} <<<<<Executing Testcase 5>>>>>
2023-06-20 14:06:41,729 INFO Info {main} <<<<<Testcase 5 executed>>>>>
2023-06-20 14:06:41,808 INFO Info {main} <<<<<Executing Test case 6>>>>>
2023-06-20 14:06:42,378 INFO Info {main} <<<<<Testcase 6 executed>>>>>
2023-06-20 14:06:42,382 INFO Info {main} <<<<<Executing Test case 7>>>>>
2023-06-20 14:06:43,652 INFO Info {main} <<<<<Testcase 7 executed>>>>>
2023-06-20 14:06:43,659 INFO Info {main} <<<<<Executing Test case 8>>>>>
2023-06-20 14:06:44,867 INFO Info {main} <<<<<Testcase 8 executed>>>>>
2023-06-20 14:06:44,872 INFO Info {main} <<<<<Executing Test case 9>>>>>
2023-06-20 14:06:45,747 INFO Info {main} <<<<<Testcase 9 executed>>>>>
2023-06-20 14:06:45,750 INFO Info {main} <<<<<Executing Test case 10>>>>>
2023-06-20 14:06:46,705 INFO Info {main} <<<<<Testcase 10 executed>>>>>
2023-06-20 14:06:46,708 INFO Info {main} <<<<<Executing Test case 11>>>>>
2023-06-20 14:06:47,751 INFO Info {main} <<<<<Testcase 11 executed>>>>>
2023-06-20 14:06:47,755 INFO Info {main} <<<<<Executing Test case 12>>>>>
2023-06-20 14:06:49,068 INFO Info {main} <<<<<Testcase 12 executed>>>>>
2023-06-20 14:06:50,063 INFO Info {main} <<<<<Executing Test case 12>>>>>
2023-06-20 14:06:51,670 INFO Info {main} <<<<<Testcase 12 executed>>>>>
2023-06-20 14:08:56,911 INFO Info {main} <<<<<Executing Testcase 1>>>>>
2023-06-20 14:08:59,548 INFO Info {main} <<<<<Testcase 1 executed>>>>>
2023-06-20 14:08:59,592 INFO Info {main} <<<<<Executing Testcase 2>>>>>
2023-06-20 14:09:00,696 INFO Info {main} <<<<<Testcase 2 executed>>>>>
2023-06-20 14:09:00,700 INFO Info {main} <<<<<Executing Testcase 3
2023-06-20 14:09:01,687 INFO Info {main} <<<<<Testcase 3 executed>>>>>
2023-06-20 14:09:01,693 INFO Info {main} <<<<<Executing Testcase 4>>>>>
2023-06-20 14:09:02,434 INFO Info {main} <<<<<Test case 4 executed>>>>>
2023-06-20 14:09:02,535 INFO Info {main} <<<<<Executing Testcase 5>>>>>
2023-06-20 14:09:03,204 INFO Info {main} <<<<<Testcase 5 executed>>>>>
2023-06-20 14:09:03,349 INFO Info {main} <<<<<Executing Test case 6>>>>>
2023-06-20 14:09:03,921 INFO Info {main} <<<<<Testcase 6 executed>>>>>
2023-06-20 14:09:03,923 INFO Info {main} <<<<<Executing Test case 7>>>>>
2023-06-20 14:09:05,281 INFO Info {main} <<<<<Testcase 7 executed>>>>>
2023-06-20 14:09:05,285 INFO Info {main} <<<<<Executing Test case 8>>>>>
2023-06-20 14:09:06,259 INFO Info {main} <<<<<Testcase 8 executed>>>>>
2023-06-20 14:09:06,263 INFO Info {main} <<<<<Executing Test case 9>>>>>
2023-06-20 14:09:07,180 INFO Info {main} <<<<<Testcase 9 executed>>>>>
2023-06-20 14:09:07,183 INFO Info {main} <<<<<Executing Test case 10>>>>>
2023-06-20 14:09:07,998 INFO Info {main} <<<<<Testcase 10 executed>>>>>
2023-06-20 14:09:08,001 INFO Info {main} <<<<<Executing Test case 11>>>>>
2023-06-20 14:09:08,885 INFO Info {main} <<<<<Testcase 11 executed>>>>>
2023-06-20 14:09:08,889 INFO Info {main} <<<<<Executing Test case 12>>>>>
2023-06-20 14:09:10,134 INFO Info {main} <<<<<Testcase 12 executed>>>>>
2023-06-20 14:09:10,960 INFO Info {main} <<<<<Executing Test case 12>>>>>
2023-06-20 14:09:12,063 INFO Info {main} <<<<<Testcase 12 executed>>>>>
